
ROM used:   117/8192 (1%)
            117/8192 (1%) including unused fragments

            0.2 Average locations per line
            4.2 Average locations per statement

RAM used:   13/368 (4%) at main() level
            14/368 (4%) worst case

Stack used: 1 worst case (0 in main + 1 for interrupts)
Stack size: 8

Lines Stmts  %   Files
----- ----- ---  -----
   56    28 100  Timer0 Ýle DC Motor Kontrol.c
  629     0   0  ..\..\..\Program Files (x86)\PICC\Devices\16f877.h
----- -----
  685    28 Total

Page ROM  %  RAM   Vol Diff  Functions:
---- --- --- ---   --- ----  ----------
0     24  21    1   253  3.7  timer0_kesme
0     46  39    0   336  2.8  MAIN
 Inline         0             @cinit1

Program metrics:
    Functions               2
    Statements              28
    Comments                102
    Volume (V)              705
    Difficulty (D)          6.4
    Effort to implement (E) 4494
    Time to implement (T)   4 minutes
    Est Delivered Bugs (B)  0
    Cyclomatic Complexity   3
    Maintainability (MI)    48

 Segment     Used  Free
-----------  ----  ----
00000-00003     4  0  
00004-0002E    43  0  
0002F-007FF    70  1931  
00800-00FFF     0  2048  
01000-017FF     0  2048  
01800-01FFF     0  2048  



